<?xml version="1.0" encoding="UTF-8"?>
<testng-results ignored="0" total="2" passed="2" failed="0" skipped="0">
  <reporter-output>
  </reporter-output>
  <suite started-at="2023-01-17T23:33:41 IST" name="Default suite" finished-at="2023-01-17T23:33:41 IST" duration-ms="102">
    <groups>
    </groups>
    <test started-at="2023-01-17T23:33:41 IST" name="Default test" finished-at="2023-01-17T23:33:41 IST" duration-ms="102">
      <class name="testApp.TestApp">
        <test-method signature="testLogin1()[pri:0, instance:testApp.TestApp@23f7d05d]" started-at="2023-01-17T23:33:41 IST" name="testLogin1" finished-at="2023-01-17T23:33:41 IST" duration-ms="47" status="PASS">
          <reporter-output>
          </reporter-output>
        </test-method> <!-- testLogin1 -->
        <test-method signature="testLogin2()[pri:0, instance:testApp.TestApp@23f7d05d]" started-at="2023-01-17T23:33:41 IST" name="testLogin2" finished-at="2023-01-17T23:33:41 IST" duration-ms="3" status="PASS">
          <reporter-output>
          </reporter-output>
        </test-method> <!-- testLogin2 -->
      </class> <!-- testApp.TestApp -->
    </test> <!-- Default test -->
  </suite> <!-- Default suite -->
</testng-results>
